2026-05-07 16:42:30,858 | INFO | Log file: /Users/anupamkumar/Desktop/meet/emotion_service/logs/inspect_20260507_164230.log
2026-05-07 16:42:31,321 | INFO | ============================================================
2026-05-07 16:42:31,321 | INFO |   SPLIT: TRAIN
2026-05-07 16:42:31,321 | INFO | ============================================================
2026-05-07 16:42:31,321 | INFO |   total samples : 9629
2026-05-07 16:42:31,321 | INFO |   modality breakdown:
2026-05-07 16:42:31,321 | INFO |     audio_only  :  1492  (15.5%)
2026-05-07 16:42:31,321 | INFO |     video_only  :  1492  (15.5%)
2026-05-07 16:42:31,321 | INFO |     both        :  6645  (69.0%)
2026-05-07 16:42:31,321 | INFO |   face  shape   : (9629, 10, 326)
2026-05-07 16:42:31,321 | INFO |   audio shape   : (9629, 10, 1024)
2026-05-07 16:42:31,321 | INFO |   NaN/Inf check :
2026-05-07 16:42:31,407 | INFO |     face  NaN=0  Inf=0
2026-05-07 16:42:31,592 | INFO |     audio NaN=0  Inf=0
2026-05-07 16:42:31,592 | INFO |   mask coverage (global):
2026-05-07 16:42:31,592 | INFO |     face  : 0.8451
2026-05-07 16:42:31,592 | INFO |     audio : 0.8377
2026-05-07 16:42:31,592 | INFO |   mask coverage (by modality — expected values shown):
2026-05-07 16:42:31,592 | INFO |     audio_only  : face=0.0000 (exp ~0.00 [expected])  audio=0.9795 (exp ~0.60-0.70)
2026-05-07 16:42:31,593 | INFO |     video_only  : face=1.0000 (exp ~0.80-0.90)  audio=0.0000 (exp ~0.00 [expected])
2026-05-07 16:42:31,593 | INFO |     both        : face=1.0000 (exp ~0.80-0.90)  audio=0.9939 (exp ~0.60-0.70)
2026-05-07 16:42:31,593 | INFO |   label distribution : {2: 1624, 0: 1624, 3: 1624, 4: 1624, 1: 1264, 5: 1869}
2026-05-07 16:42:31,594 | INFO |   actor distribution : {2002: 81, 2003: 82, 2004: 82, 2005: 82, 2007: 82, 2008: 76, 2010: 82, 2015: 82, 2017: 82, 2018: 82, 2019: 76, 2022: 82, 2023: 82, 2024: 82, 2026: 82, 2027: 82, 2029: 82, 2030: 82, 2031: 82, 2032: 82, 2033: 82, 2035: 82, 2037: 82, 2039: 82, 2040: 82, 2041: 82, 2042: 82, 2043: 82, 2048: 82, 2050: 82, 2051: 82, 2052: 82, 2053: 82, 2054: 82, 2056: 82, 2057: 82, 2058: 82, 2060: 82, 2061: 82, 2062: 82, 2063: 82, 2064: 82, 2065: 82, 2066: 82, 2067: 82, 2068: 82, 2070: 82, 2071: 82, 2072: 82, 2073: 82, 2075: 82, 2077: 82, 2078: 82, 2080: 82, 2081: 82, 2082: 82, 2083: 82, 2084: 82, 2085: 82, 2087: 82, 2088: 82, 2089: 82, 2091: 82, 2: 288, 3: 288, 6: 288, 7: 288, 10: 288, 11: 288, 12: 288, 13: 288, 14: 288, 15: 288, 16: 288, 17: 288, 19: 288, 22: 288, 24: 288, 18: 156}
2026-05-07 16:42:31,594 | INFO | ============================================================
2026-05-07 16:42:31,594 | INFO |   SPLIT: VAL
2026-05-07 16:42:31,594 | INFO | ============================================================
2026-05-07 16:42:31,594 | INFO |   total samples : 2294
2026-05-07 16:42:31,594 | INFO |   modality breakdown:
2026-05-07 16:42:31,594 | INFO |     audio_only  :   384  (16.7%)
2026-05-07 16:42:31,594 | INFO |     video_only  :   384  (16.7%)
2026-05-07 16:42:31,594 | INFO |     both        :  1526  (66.5%)
2026-05-07 16:42:31,594 | INFO |   face  shape   : (2294, 10, 326)
2026-05-07 16:42:31,594 | INFO |   audio shape   : (2294, 10, 1024)
2026-05-07 16:42:31,594 | INFO |   NaN/Inf check :
2026-05-07 16:42:31,603 | INFO |     face  NaN=0  Inf=0
2026-05-07 16:42:31,627 | INFO |     audio NaN=0  Inf=0
2026-05-07 16:42:31,627 | INFO |   mask coverage (global):
2026-05-07 16:42:31,627 | INFO |     face  : 0.8325
2026-05-07 16:42:31,627 | INFO |     audio : 0.8168
2026-05-07 16:42:31,627 | INFO |   mask coverage (by modality — expected values shown):
2026-05-07 16:42:31,628 | INFO |     audio_only  : face=0.0000 (exp ~0.00 [expected])  audio=0.9544 (exp ~0.60-0.70)
2026-05-07 16:42:31,628 | INFO |     video_only  : face=1.0000 (exp ~0.80-0.90)  audio=0.0000 (exp ~0.00 [expected])
2026-05-07 16:42:31,628 | INFO |     both        : face=0.9999 (exp ~0.80-0.90)  audio=0.9877 (exp ~0.60-0.70)
2026-05-07 16:42:31,628 | INFO |   label distribution : {0: 387, 2: 387, 5: 455, 3: 387, 1: 291, 4: 387}
2026-05-07 16:42:31,628 | INFO |   actor distribution : {2006: 82, 2009: 76, 2011: 82, 2016: 82, 2025: 82, 2034: 82, 2038: 82, 2045: 82, 2046: 82, 2047: 82, 2059: 82, 2069: 82, 2074: 82, 2079: 82, 5: 288, 8: 288, 20: 288, 23: 288}
2026-05-07 16:42:31,628 | INFO | ============================================================
2026-05-07 16:42:31,628 | INFO |   SPLIT: TEST
2026-05-07 16:42:31,628 | INFO | ============================================================
2026-05-07 16:42:31,628 | INFO |   total samples : 2299
2026-05-07 16:42:31,628 | INFO |   modality breakdown:
2026-05-07 16:42:31,628 | INFO |     audio_only  :   384  (16.7%)
2026-05-07 16:42:31,628 | INFO |     video_only  :   384  (16.7%)
2026-05-07 16:42:31,628 | INFO |     both        :  1531  (66.6%)
2026-05-07 16:42:31,628 | INFO |   face  shape   : (2299, 10, 326)
2026-05-07 16:42:31,628 | INFO |   audio shape   : (2299, 10, 1024)
2026-05-07 16:42:31,628 | INFO |   NaN/Inf check :
2026-05-07 16:42:31,635 | INFO |     face  NaN=0  Inf=0
2026-05-07 16:42:31,656 | INFO |     audio NaN=0  Inf=0
2026-05-07 16:42:31,656 | INFO |   mask coverage (global):
2026-05-07 16:42:31,656 | INFO |     face  : 0.8325
2026-05-07 16:42:31,656 | INFO |     audio : 0.8226
2026-05-07 16:42:31,656 | INFO |   mask coverage (by modality — expected values shown):
2026-05-07 16:42:31,656 | INFO |     audio_only  : face=0.0000 (exp ~0.00 [expected])  audio=0.9753 (exp ~0.60-0.70)
2026-05-07 16:42:31,656 | INFO |     video_only  : face=1.0000 (exp ~0.80-0.90)  audio=0.0000 (exp ~0.00 [expected])
2026-05-07 16:42:31,657 | INFO |     both        : face=0.9993 (exp ~0.80-0.90)  audio=0.9906 (exp ~0.60-0.70)
2026-05-07 16:42:31,657 | INFO |   label distribution : {1: 292, 3: 388, 2: 388, 0: 388, 5: 455, 4: 388}
2026-05-07 16:42:31,657 | INFO |   actor distribution : {2001: 82, 2012: 82, 2013: 82, 2014: 82, 2020: 82, 2021: 82, 2028: 82, 2036: 82, 2044: 82, 2049: 82, 2055: 82, 2076: 81, 2086: 82, 2090: 82, 1: 288, 4: 288, 9: 288, 21: 288}
2026-05-07 16:42:31,657 | INFO | ============================================================
2026-05-07 16:42:31,657 | INFO |   SEQUENCE LENGTH CHECK
2026-05-07 16:42:31,657 | INFO | ============================================================
2026-05-07 16:42:31,657 | INFO |   face  seq len: 10
2026-05-07 16:42:31,657 | INFO |   audio seq len: 10
2026-05-07 16:42:31,657 | INFO |   [OK] seq lengths match
2026-05-07 16:42:31,657 | INFO | ============================================================
2026-05-07 16:42:31,657 | INFO |   EMBEDDING NORMS  (train, modality-aware)
2026-05-07 16:42:31,657 | INFO | ============================================================
2026-05-07 16:42:31,709 | INFO |   face  (video_only+both, n=8137): mean=16.7175  std=6.4849  min=4.6676  max=122.0189
2026-05-07 16:42:31,940 | INFO |   audio (audio_only+both, n=8137): mean=31.2033  std=5.9310  min=0.0000  max=77.7413
2026-05-07 16:42:31,942 | INFO | ============================================================
2026-05-07 16:42:31,942 | INFO |   TEMPORAL VARIANCE  (modality-aware)
2026-05-07 16:42:31,942 | INFO | ============================================================
2026-05-07 16:42:32,006 | INFO |   face  (video_only+both): 0.227859
2026-05-07 16:42:32,109 | INFO |   audio (audio_only+both): 0.766944
2026-05-07 16:42:32,109 | INFO | ============================================================
2026-05-07 16:42:32,109 | INFO |   AUDIO NORMALIZATION CHECK
2026-05-07 16:42:32,109 | INFO | ============================================================
2026-05-07 16:42:32,147 | INFO |   L2 mean norm (non-silent frames): 31.4787
2026-05-07 16:42:32,147 | WARNING |   [WARN] audio NOT unit-normalized (mean=31.4787). This is fine if your model normalizes internally or uses z-score stats from norm_stats.npz. Flag this if training diverges early.
2026-05-07 16:42:32,148 | INFO | ============================================================
2026-05-07 16:42:32,148 | INFO |   FACE NORMALIZATION CHECK
2026-05-07 16:42:32,148 | INFO | ============================================================
2026-05-07 16:42:32,481 | INFO |   value range    : min=-15.2894  max=89.0608
2026-05-07 16:42:32,482 | INFO |   |value| p99    : 2.9713
2026-05-07 16:42:32,482 | INFO |   [OK] face value range looks reasonable
2026-05-07 16:42:32,482 | INFO | ============================================================
2026-05-07 16:42:32,482 | INFO |   EMPTY SAMPLE CHECK  (modality-aware)
2026-05-07 16:42:32,482 | INFO | ============================================================
2026-05-07 16:42:32,500 | INFO |   audio_only  : face_empty=1492/1492 [expected — no face data], audio_empty=0/1492 [OK]
2026-05-07 16:42:32,511 | INFO |   video_only  : face_empty=0/1492 [OK], audio_empty=1492/1492 [expected — no audio data]
2026-05-07 16:42:32,564 | INFO |   both        : face_empty=0/6645 [OK], audio_empty=0/6645 [OK]
2026-05-07 16:42:32,564 | INFO | ============================================================
2026-05-07 16:42:32,564 | INFO |   DEAD SEQUENCE CHECK  (no temporal change, modality-aware)
2026-05-07 16:42:32,564 | INFO | ============================================================
2026-05-07 16:42:32,942 | INFO |   audio_only  : face_dead=1492/1492 [expected], audio_dead=0/1492 [OK]
2026-05-07 16:42:32,943 | INFO |   video_only  : face_dead=0/1492 [OK], audio_dead=1492/1492 [expected]
2026-05-07 16:42:32,943 | INFO |   both        : face_dead=0/6645 [OK], audio_dead=0/6645 [OK]
2026-05-07 16:42:32,943 | INFO | ============================================================
2026-05-07 16:42:32,943 | INFO |   MASK ALIGNMENT CHECK
2026-05-07 16:42:32,943 | INFO | ============================================================
2026-05-07 16:42:32,943 | INFO |   Note: face/audio mask mismatch is EXPECTED for audio_only and video_only.
2026-05-07 16:42:32,943 | INFO |   Only 'both' samples should have aligned masks.
2026-05-07 16:42:32,946 | INFO |   'both' samples mask alignment diff: 0.0061
2026-05-07 16:42:32,946 | INFO |   [OK] face and audio masks reasonably aligned for 'both' samples
2026-05-07 16:42:32,946 | INFO | ============================================================
2026-05-07 16:42:32,946 | INFO |   CLASS BALANCE
2026-05-07 16:42:32,946 | INFO | ============================================================
2026-05-07 16:42:32,947 | INFO |   global counts  : {2: 2399, 0: 2399, 3: 2399, 4: 2399, 1: 1847, 5: 2779}
2026-05-07 16:42:32,947 | INFO |   imbalance ratio: 1.50x
2026-05-07 16:42:32,947 | INFO |   [NOTE] mild imbalance — monitor per-class val accuracy
2026-05-07 16:42:32,948 | INFO |   train : {2: 1624, 0: 1624, 3: 1624, 4: 1624, 1: 1264, 5: 1869}
2026-05-07 16:42:32,948 | INFO |   val   : {0: 387, 2: 387, 5: 455, 3: 387, 1: 291, 4: 387}
2026-05-07 16:42:32,948 | INFO |   test  : {1: 292, 3: 388, 2: 388, 0: 388, 5: 455, 4: 388}
2026-05-07 16:42:32,948 | INFO | ============================================================
2026-05-07 16:42:32,948 | INFO |   ACTOR OVERLAP CHECK
2026-05-07 16:42:32,948 | INFO | ============================================================
2026-05-07 16:42:32,948 | INFO |   train ∩ val  : ∅  [OK]
2026-05-07 16:42:32,948 | INFO |   train ∩ test : ∅  [OK]
2026-05-07 16:42:32,948 | INFO |   val ∩ test   : ∅  [OK]
2026-05-07 16:42:32,948 | INFO |   [OK] no actor leakage across splits
2026-05-07 16:42:32,949 | INFO | ============================================================
2026-05-07 16:42:32,949 | INFO |   SAVED SPLITS
2026-05-07 16:42:32,949 | INFO | ============================================================
2026-05-07 16:42:32,950 | INFO |   seed: 42
2026-05-07 16:42:32,950 | INFO |   train_actors (79): [2, 3, 6, 7, 10, 11, 12, 13, 14, 15, 16, 17, 18, 19, 22, 24, 2002, 2003, 2004, 2005, 2007, 2008, 2010, 2015, 2017, 2018, 2019, 2022, 2023, 2024, 2026, 2027, 2029, 2030, 2031, 2032, 2033, 2035, 2037, 2039, 2040, 2041, 2042, 2043, 2048, 2050, 2051, 2052, 2053, 2054, 2056, 2057, 2058, 2060, 2061, 2062, 2063, 2064, 2065, 2066, 2067, 2068, 2070, 2071, 2072, 2073, 2075, 2077, 2078, 2080, 2081, 2082, 2083, 2084, 2085, 2087, 2088, 2089, 2091]
2026-05-07 16:42:32,950 | INFO |   val_actors (18): [5, 8, 20, 23, 2006, 2009, 2011, 2016, 2025, 2034, 2038, 2045, 2046, 2047, 2059, 2069, 2074, 2079]
2026-05-07 16:42:32,950 | INFO |   test_actors (18): [1, 4, 9, 21, 2001, 2012, 2013, 2014, 2020, 2021, 2028, 2036, 2044, 2049, 2055, 2076, 2086, 2090]
2026-05-07 16:42:32,950 | INFO | ============================================================
2026-05-07 16:42:32,950 | INFO |   INSPECT COMPLETE
2026-05-07 16:42:32,950 | INFO | ============================================================
