2026-04-04 14:41:27,617 | INFO | Loading dataset from /Users/anupamkumar/Desktop/meet/emotion_service/extracted_dataset/dataset.npz
2026-04-04 14:41:27,967 | INFO | Building features...
2026-04-04 14:41:28,179 | INFO | Loading XGB scaler...
2026-04-04 14:41:28,254 | INFO | Applying PCA...
2026-04-04 14:41:28,353 | INFO | Training IsolationForest...
2026-04-04 14:41:28,515 | INFO | Val score stats → mean=0.0894, std=0.0425
2026-04-04 14:41:28,516 | INFO | Threshold @ FPR=5% → 0.02911 | overall flagged=5.03%
2026-04-04 14:41:28,516 | INFO | Val anomaly rates by modality:
2026-04-04 14:41:28,516 | INFO |   [audio_only  ] n= 384 | flagged=4.69%
2026-04-04 14:41:28,516 | INFO |   [video_only  ] n= 383 | flagged=0.00%
2026-04-04 14:41:28,516 | INFO |   [both        ] n= 385 | flagged=10.39%
2026-04-04 14:41:29,003 | INFO |  Anomaly detector ready
2026-04-04 14:43:37,264 | INFO | Loading dataset from /Users/anupamkumar/Desktop/meet/emotion_service/extracted_dataset/dataset.npz
2026-04-04 14:43:37,587 | INFO | Building features...
2026-04-04 14:43:37,799 | INFO | Loading XGB scaler...
2026-04-04 14:43:37,883 | INFO | Applying PCA...
2026-04-04 14:43:37,978 | INFO | Training IsolationForest...
2026-04-04 14:43:38,137 | INFO | Val score stats → mean=0.0894, std=0.0425
2026-04-04 14:43:38,138 | INFO | Threshold @ FPR=10% → 0.03700 | overall flagged=10.07%
2026-04-04 14:43:38,138 | INFO | Val anomaly rates by modality:
2026-04-04 14:43:38,138 | INFO |   [audio_only  ] n= 384 | flagged=9.90%
2026-04-04 14:43:38,138 | INFO |   [video_only  ] n= 383 | flagged=0.00%
2026-04-04 14:43:38,138 | INFO |   [both        ] n= 385 | flagged=20.26%
2026-04-04 14:43:38,445 | INFO |  Anomaly detector ready
2026-04-04 14:43:52,659 | INFO | Loading dataset from /Users/anupamkumar/Desktop/meet/emotion_service/extracted_dataset/dataset.npz
2026-04-04 14:43:52,971 | INFO | Building features...
2026-04-04 14:43:53,180 | INFO | Loading XGB scaler...
2026-04-04 14:43:53,260 | INFO | Applying PCA...
2026-04-04 14:43:53,356 | INFO | Training IsolationForest...
2026-04-04 14:43:53,512 | INFO | Val score stats → mean=0.0894, std=0.0425
2026-04-04 14:43:53,512 | INFO | Threshold @ FPR=10% → 0.03700 | overall flagged=10.07%
2026-04-04 14:43:53,512 | INFO | Val anomaly rates by modality:
2026-04-04 14:43:53,513 | INFO |   [audio_only  ] n= 384 | flagged=9.90%
2026-04-04 14:43:53,513 | INFO |   [video_only  ] n= 383 | flagged=0.00%
2026-04-04 14:43:53,513 | INFO |   [both        ] n= 385 | flagged=20.26%
2026-04-04 14:43:53,808 | INFO |  Anomaly detector ready
2026-04-04 14:45:30,008 | INFO | Loading dataset from /Users/anupamkumar/Desktop/meet/emotion_service/extracted_dataset/dataset.npz
2026-04-04 14:45:30,334 | INFO | Building features...
2026-04-04 14:45:30,564 | INFO | Loading XGB scaler...
2026-04-04 14:47:09,437 | INFO | Loading dataset from /Users/anupamkumar/Desktop/meet/emotion_service/extracted_dataset/dataset.npz
2026-04-04 14:47:09,772 | INFO | Building features...
2026-04-04 14:47:10,000 | INFO | Fitting anomaly scaler...
2026-04-04 14:47:10,166 | INFO | Applying PCA...
2026-04-04 14:48:27,808 | INFO | Loading dataset from /Users/anupamkumar/Desktop/meet/emotion_service/extracted_dataset/dataset.npz
2026-04-04 14:48:28,133 | INFO | Building features...
2026-04-04 14:48:28,356 | INFO | Feature dim: 5255
2026-04-04 14:48:28,356 | INFO | Fitting anomaly scaler...
2026-04-04 14:48:28,527 | INFO | Training IsolationForest...
2026-04-04 14:48:28,758 | INFO | Val score stats → mean=0.0398, std=0.0223
2026-04-04 14:48:28,758 | INFO | Threshold @ FPR=10% → 0.01478 | overall flagged=10.07%
2026-04-04 14:48:28,759 | INFO | Val anomaly rates by modality:
2026-04-04 14:48:28,759 | INFO |   [audio_only  ] n= 384 | flagged=13.28%
2026-04-04 14:48:28,759 | INFO |   [video_only  ] n= 383 | flagged=0.78%
2026-04-04 14:48:28,759 | INFO |   [both        ] n= 385 | flagged=16.10%
2026-04-04 14:48:29,088 | INFO |  Anomaly detector ready
2026-04-05 10:00:48,457 | INFO | Loading dataset from /Users/anupamkumar/Desktop/meet/emotion_service/extracted_dataset/dataset.npz
2026-04-05 10:00:48,804 | INFO | Building features...
2026-04-05 10:00:49,041 | INFO | Feature dim: 5255
2026-04-05 10:00:49,041 | INFO | Fitting anomaly scaler...
2026-04-05 10:00:49,228 | INFO | Training IsolationForest...
2026-04-05 10:00:49,465 | INFO | Val score stats → mean=0.0398, std=0.0223
2026-04-05 10:00:49,466 | INFO | Threshold @ FPR=10% → 0.01478 | overall flagged=10.07%
2026-04-05 10:00:49,466 | INFO | Val anomaly rates by modality:
2026-04-05 10:00:49,466 | INFO |   [audio_only  ] n= 384 | flagged=13.28%
2026-04-05 10:00:49,466 | INFO |   [video_only  ] n= 383 | flagged=0.78%
2026-04-05 10:00:49,466 | INFO |   [both        ] n= 385 | flagged=16.10%
2026-04-05 10:00:49,893 | INFO |  Anomaly detector ready
